# JRE version: OpenJDK Runtime Environment Temurin-21.0.8+9 (21.0.8+9) (build 21.0.8+9-LTS)
# Java VM: OpenJDK 64-Bit Server VM Temurin-21.0.8+9 (21.0.8+9-LTS, mixed mode, sharing, tiered, compressed oops, compressed class ptrs, parallel gc, windows-amd64)
GC Precious Log:
 CardTable entry size: 512
 CPUs: 8 total, 8 available
 Memory: 5965M
 Large Page Support: Disabled
 NUMA Support: Disabled
 Compressed Oops: Enabled (32-bit)
 Alignments: Space 512K, Generation 512K, Heap 2M
 Heap Min Capacity: 100M
 Heap Initial Capacity: 100M
 Heap Max Capacity: 2G
 Pre-touch: Disabled
 Parallel Workers: 8
Heap:
 PSYoungGen      total 17920K, used 14229K [0x00000000d5580000, 0x00000000d6b80000, 0x0000000100000000)
  eden space 16896K, 78% used [0x00000000d5580000,0x00000000d6265550,0x00000000d6600000)
  from space 1024K, 100% used [0x00000000d6880000,0x00000000d6980000,0x00000000d6980000)
  to   space 2560K, 0% used [0x00000000d6600000,0x00000000d6600000,0x00000000d6880000)
 ParOldGen       total 1325568K, used 1325565K [0x0000000080000000, 0x00000000d0e80000, 0x00000000d5580000)
  object space 1325568K, 99% used [0x0000000080000000,0x00000000d0e7f508,0x00000000d0e80000)
 Metaspace       used 84657K, committed 86464K, reserved 1179648K
  class space    used 8443K, committed 9280K, reserved 1048576K
GC Heap History (20 events):
Event: 1305.386 GC heap before
{Heap before GC invocations=2331 (full 6):
 PSYoungGen      total 12800K, used 12800K [0x00000000d5580000, 0x00000000d6880000, 0x0000000100000000)
  eden space 11264K, 100% used [0x00000000d5580000,0x00000000d6080000,0x00000000d6080000)
  from space 1536K, 100% used [0x00000000d6380000,0x00000000d6500000,0x00000000d6500000)
  to   space 3072K, 0% used [0x00000000d6080000,0x00000000d6080000,0x00000000d6380000)
 ParOldGen       total 1315328K, used 1315135K [0x0000000080000000, 0x00000000d0480000, 0x00000000d5580000)
  object space 1315328K, 99% used [0x0000000080000000,0x00000000d044ff58,0x00000000d0480000)
 Metaspace       used 84259K, committed 86080K, reserved 1179648K
  class space    used 8419K, committed 9280K, reserved 1048576K
}
Event: 1306.397 GC heap after
{Heap after GC invocations=2331 (full 6):
 PSYoungGen      total 14336K, used 1344K [0x00000000d5580000, 0x00000000d6700000, 0x0000000100000000)
  eden space 11264K, 0% used [0x00000000d5580000,0x00000000d5580000,0x00000000d6080000)
  from space 3072K, 43% used [0x00000000d6080000,0x00000000d61d0000,0x00000000d6380000)
  to   space 2048K, 0% used [0x00000000d6500000,0x00000000d6500000,0x00000000d6700000)
 ParOldGen       total 1316864K, used 1316517K [0x0000000080000000, 0x00000000d0600000, 0x00000000d5580000)
  object space 1316864K, 99% used [0x0000000080000000,0x00000000d05a9600,0x00000000d0600000)
 Metaspace       used 84259K, committed 86080K, reserved 1179648K
  class space    used 8419K, committed 9280K, reserved 1048576K
}
Event: 1306.540 GC heap before
{Heap before GC invocations=2332 (full 6):
 PSYoungGen      total 14336K, used 12594K [0x00000000d5580000, 0x00000000d6700000, 0x0000000100000000)
  eden space 11264K, 99% used [0x00000000d5580000,0x00000000d607ca90,0x00000000d6080000)
  from space 3072K, 43% used [0x00000000d6080000,0x00000000d61d0000,0x00000000d6380000)
  to   space 2048K, 0% used [0x00000000d6500000,0x00000000d6500000,0x00000000d6700000)
 ParOldGen       total 1316864K, used 1316517K [0x0000000080000000, 0x00000000d0600000, 0x00000000d5580000)
  object space 1316864K, 99% used [0x0000000080000000,0x00000000d05a9600,0x00000000d0600000)
 Metaspace       used 84264K, committed 86080K, reserved 1179648K
  class space    used 8419K, committed 9280K, reserved 1048576K
}
Event: 1306.549 GC heap after
{Heap after GC invocations=2332 (full 6):
 PSYoungGen      total 14848K, used 848K [0x00000000d5580000, 0x00000000d6600000, 0x0000000100000000)
  eden space 13824K, 0% used [0x00000000d5580000,0x00000000d5580000,0x00000000d6300000)
  from space 1024K, 82% used [0x00000000d6500000,0x00000000d65d4010,0x00000000d6600000)
  to   space 1536K, 0% used [0x00000000d6300000,0x00000000d6300000,0x00000000d6480000)
 ParOldGen       total 1317376K, used 1317341K [0x0000000080000000, 0x00000000d0680000, 0x00000000d5580000)
  object space 1317376K, 99% used [0x0000000080000000,0x00000000d0677600,0x00000000d0680000)
 Metaspace       used 84264K, committed 86080K, reserved 1179648K
  class space    used 8419K, committed 9280K, reserved 1048576K
}
Event: 1306.709 GC heap before
{Heap before GC invocations=2333 (full 6):
 PSYoungGen      total 14848K, used 14672K [0x00000000d5580000, 0x00000000d6600000, 0x0000000100000000)
  eden space 13824K, 100% used [0x00000000d5580000,0x00000000d6300000,0x00000000d6300000)
  from space 1024K, 82% used [0x00000000d6500000,0x00000000d65d4010,0x00000000d6600000)
  to   space 1536K, 0% used [0x00000000d6300000,0x00000000d6300000,0x00000000d6480000)
 ParOldGen       total 1317376K, used 1317341K [0x0000000080000000, 0x00000000d0680000, 0x00000000d5580000)
  object space 1317376K, 99% used [0x0000000080000000,0x00000000d0677600,0x00000000d0680000)
 Metaspace       used 84290K, committed 86080K, reserved 1179648K
  class space    used 8419K, committed 9280K, reserved 1048576K
}
Event: 1307.723 GC heap after
{Heap after GC invocations=2333 (full 6):
 PSYoungGen      total 15360K, used 1280K [0x00000000d5580000, 0x00000000d6900000, 0x0000000100000000)
  eden space 13824K, 0% used [0x00000000d5580000,0x00000000d5580000,0x00000000d6300000)
  from space 1536K, 83% used [0x00000000d6300000,0x00000000d6440000,0x00000000d6480000)
  to   space 1536K, 0% used [0x00000000d6780000,0x00000000d6780000,0x00000000d6900000)
 ParOldGen       total 1317888K, used 1317813K [0x0000000080000000, 0x00000000d0700000, 0x00000000d5580000)
  object space 1317888K, 99% used [0x0000000080000000,0x00000000d06ed600,0x00000000d0700000)
 Metaspace       used 84290K, committed 86080K, reserved 1179648K
  class space    used 8419K, committed 9280K, reserved 1048576K
}
Event: 1310.054 GC heap before
{Heap before GC invocations=2334 (full 6):
 PSYoungGen      total 15360K, used 15075K [0x00000000d5580000, 0x00000000d6900000, 0x0000000100000000)
  eden space 13824K, 99% used [0x00000000d5580000,0x00000000d62f8f30,0x00000000d6300000)
  from space 1536K, 83% used [0x00000000d6300000,0x00000000d6440000,0x00000000d6480000)
  to   space 1536K, 0% used [0x00000000d6780000,0x00000000d6780000,0x00000000d6900000)
 ParOldGen       total 1317888K, used 1317813K [0x0000000080000000, 0x00000000d0700000, 0x00000000d5580000)
  object space 1317888K, 99% used [0x0000000080000000,0x00000000d06ed600,0x00000000d0700000)
 Metaspace       used 84329K, committed 86208K, reserved 1179648K
  class space    used 8420K, committed 9280K, reserved 1048576K
}
Event: 1310.718 GC heap after
{Heap after GC invocations=2334 (full 6):
 PSYoungGen      total 17920K, used 800K [0x00000000d5580000, 0x00000000d6880000, 0x0000000100000000)
  eden space 16896K, 0% used [0x00000000d5580000,0x00000000d5580000,0x00000000d6600000)
  from space 1024K, 78% used [0x00000000d6780000,0x00000000d6848000,0x00000000d6880000)
  to   space 1024K, 0% used [0x00000000d6680000,0x00000000d6680000,0x00000000d6780000)
 ParOldGen       total 1318912K, used 1318611K [0x0000000080000000, 0x00000000d0800000, 0x00000000d5580000)
  object space 1318912K, 99% used [0x0000000080000000,0x00000000d07b4d18,0x00000000d0800000)
 Metaspace       used 84329K, committed 86208K, reserved 1179648K
  class space    used 8420K, committed 9280K, reserved 1048576K
}
Event: 1314.753 GC heap before
{Heap before GC invocations=2335 (full 6):
 PSYoungGen      total 17920K, used 17696K [0x00000000d5580000, 0x00000000d6880000, 0x0000000100000000)
  eden space 16896K, 100% used [0x00000000d5580000,0x00000000d6600000,0x00000000d6600000)
  from space 1024K, 78% used [0x00000000d6780000,0x00000000d6848000,0x00000000d6880000)
  to   space 1024K, 0% used [0x00000000d6680000,0x00000000d6680000,0x00000000d6780000)
 ParOldGen       total 1318912K, used 1318611K [0x0000000080000000, 0x00000000d0800000, 0x00000000d5580000)
  object space 1318912K, 99% used [0x0000000080000000,0x00000000d07b4d18,0x00000000d0800000)
 Metaspace       used 84377K, committed 86208K, reserved 1179648K
  class space    used 8423K, committed 9280K, reserved 1048576K
}
Event: 1315.303 GC heap after
{Heap after GC invocations=2335 (full 6):
 PSYoungGen      total 18432K, used 832K [0x00000000d5580000, 0x00000000d6b80000, 0x0000000100000000)
  eden space 17408K, 0% used [0x00000000d5580000,0x00000000d5580000,0x00000000d6680000)
  from space 1024K, 81% used [0x00000000d6680000,0x00000000d6750000,0x00000000d6780000)
  to   space 1024K, 0% used [0x00000000d6a80000,0x00000000d6a80000,0x00000000d6b80000)
 ParOldGen       total 1319424K, used 1319147K [0x0000000080000000, 0x00000000d0880000, 0x00000000d5580000)
  object space 1319424K, 99% used [0x0000000080000000,0x00000000d083ad18,0x00000000d0880000)
 Metaspace       used 84377K, committed 86208K, reserved 1179648K
  class space    used 8423K, committed 9280K, reserved 1048576K
}
Event: 1317.732 GC heap before
{Heap before GC invocations=2336 (full 6):
 PSYoungGen      total 18432K, used 18240K [0x00000000d5580000, 0x00000000d6b80000, 0x0000000100000000)
  eden space 17408K, 100% used [0x00000000d5580000,0x00000000d6680000,0x00000000d6680000)
  from space 1024K, 81% used [0x00000000d6680000,0x00000000d6750000,0x00000000d6780000)
  to   space 1024K, 0% used [0x00000000d6a80000,0x00000000d6a80000,0x00000000d6b80000)
 ParOldGen       total 1319424K, used 1319147K [0x0000000080000000, 0x00000000d0880000, 0x00000000d5580000)
  object space 1319424K, 99% used [0x0000000080000000,0x00000000d083ad18,0x00000000d0880000)
 Metaspace       used 84633K, committed 86464K, reserved 1179648K
  class space    used 8442K, committed 9280K, reserved 1048576K
}
Event: 1317.742 GC heap after
{Heap after GC invocations=2336 (full 6):
 PSYoungGen      total 18432K, used 1024K [0x00000000d5580000, 0x00000000d6c80000, 0x0000000100000000)
  eden space 17408K, 0% used [0x00000000d5580000,0x00000000d5580000,0x00000000d6680000)
  from space 1024K, 100% used [0x00000000d6a80000,0x00000000d6b80000,0x00000000d6b80000)
  to   space 3072K, 0% used [0x00000000d6680000,0x00000000d6680000,0x00000000d6980000)
 ParOldGen       total 1320960K, used 1320756K [0x0000000080000000, 0x00000000d0a00000, 0x00000000d5580000)
  object space 1320960K, 99% used [0x0000000080000000,0x00000000d09cd130,0x00000000d0a00000)
 Metaspace       used 84633K, committed 86464K, reserved 1179648K
  class space    used 8442K, committed 9280K, reserved 1048576K
}
Event: 1318.121 GC heap before
{Heap before GC invocations=2337 (full 6):
 PSYoungGen      total 18432K, used 18432K [0x00000000d5580000, 0x00000000d6c80000, 0x0000000100000000)
  eden space 17408K, 100% used [0x00000000d5580000,0x00000000d6680000,0x00000000d6680000)
  from space 1024K, 100% used [0x00000000d6a80000,0x00000000d6b80000,0x00000000d6b80000)
  to   space 3072K, 0% used [0x00000000d6680000,0x00000000d6680000,0x00000000d6980000)
 ParOldGen       total 1320960K, used 1320756K [0x0000000080000000, 0x00000000d0a00000, 0x00000000d5580000)
  object space 1320960K, 99% used [0x0000000080000000,0x00000000d09cd130,0x00000000d0a00000)
 Metaspace       used 84633K, committed 86464K, reserved 1179648K
  class space    used 8442K, committed 9280K, reserved 1048576K
}
Event: 1318.127 GC heap after
{Heap after GC invocations=2337 (full 6):
 PSYoungGen      total 18944K, used 1472K [0x00000000d5580000, 0x00000000d6b00000, 0x0000000100000000)
  eden space 17408K, 0% used [0x00000000d5580000,0x00000000d5580000,0x00000000d6680000)
  from space 1536K, 95% used [0x00000000d6680000,0x00000000d67f0000,0x00000000d6800000)
  to   space 2048K, 0% used [0x00000000d6900000,0x00000000d6900000,0x00000000d6b00000)
 ParOldGen       total 1321984K, used 1321708K [0x0000000080000000, 0x00000000d0b00000, 0x00000000d5580000)
  object space 1321984K, 99% used [0x0000000080000000,0x00000000d0abb150,0x00000000d0b00000)
 Metaspace       used 84633K, committed 86464K, reserved 1179648K
  class space    used 8442K, committed 9280K, reserved 1048576K
}
Event: 1318.426 GC heap before
{Heap before GC invocations=2338 (full 6):
 PSYoungGen      total 18944K, used 18880K [0x00000000d5580000, 0x00000000d6b00000, 0x0000000100000000)
  eden space 17408K, 100% used [0x00000000d5580000,0x00000000d6680000,0x00000000d6680000)
  from space 1536K, 95% used [0x00000000d6680000,0x00000000d67f0000,0x00000000d6800000)
  to   space 2048K, 0% used [0x00000000d6900000,0x00000000d6900000,0x00000000d6b00000)
 ParOldGen       total 1321984K, used 1321708K [0x0000000080000000, 0x00000000d0b00000, 0x00000000d5580000)
  object space 1321984K, 99% used [0x0000000080000000,0x00000000d0abb150,0x00000000d0b00000)
 Metaspace       used 84641K, committed 86464K, reserved 1179648K
  class space    used 8442K, committed 9280K, reserved 1048576K
}
Event: 1318.433 GC heap after
{Heap after GC invocations=2338 (full 6):
 PSYoungGen      total 19456K, used 1632K [0x00000000d5580000, 0x00000000d6b00000, 0x0000000100000000)
  eden space 17408K, 0% used [0x00000000d5580000,0x00000000d5580000,0x00000000d6680000)
  from space 2048K, 79% used [0x00000000d6900000,0x00000000d6a98000,0x00000000d6b00000)
  to   space 2048K, 0% used [0x00000000d6700000,0x00000000d6700000,0x00000000d6900000)
 ParOldGen       total 1323008K, used 1322913K [0x0000000080000000, 0x00000000d0c00000, 0x00000000d5580000)
  object space 1323008K, 99% used [0x0000000080000000,0x00000000d0be87e8,0x00000000d0c00000)
 Metaspace       used 84641K, committed 86464K, reserved 1179648K
  class space    used 8442K, committed 9280K, reserved 1048576K
}
Event: 1318.533 GC heap before
{Heap before GC invocations=2339 (full 6):
 PSYoungGen      total 19456K, used 19040K [0x00000000d5580000, 0x00000000d6b00000, 0x0000000100000000)
  eden space 17408K, 100% used [0x00000000d5580000,0x00000000d6680000,0x00000000d6680000)
  from space 2048K, 79% used [0x00000000d6900000,0x00000000d6a98000,0x00000000d6b00000)
  to   space 2048K, 0% used [0x00000000d6700000,0x00000000d6700000,0x00000000d6900000)
 ParOldGen       total 1323008K, used 1322913K [0x0000000080000000, 0x00000000d0c00000, 0x00000000d5580000)
  object space 1323008K, 99% used [0x0000000080000000,0x00000000d0be87e8,0x00000000d0c00000)
 Metaspace       used 84645K, committed 86464K, reserved 1179648K
  class space    used 8442K, committed 9280K, reserved 1048576K
}
Event: 1318.542 GC heap after
{Heap after GC invocations=2339 (full 6):
 PSYoungGen      total 18944K, used 1216K [0x00000000d5580000, 0x00000000d6980000, 0x0000000100000000)
  eden space 17408K, 0% used [0x00000000d5580000,0x00000000d5580000,0x00000000d6680000)
  from space 1536K, 79% used [0x00000000d6700000,0x00000000d6830020,0x00000000d6880000)
  to   space 1024K, 0% used [0x00000000d6880000,0x00000000d6880000,0x00000000d6980000)
 ParOldGen       total 1324544K, used 1324453K [0x0000000080000000, 0x00000000d0d80000, 0x00000000d5580000)
  object space 1324544K, 99% used [0x0000000080000000,0x00000000d0d69508,0x00000000d0d80000)
 Metaspace       used 84645K, committed 86464K, reserved 1179648K
  class space    used 8442K, committed 9280K, reserved 1048576K
}
Event: 1318.668 GC heap before
{Heap before GC invocations=2340 (full 6):
 PSYoungGen      total 18944K, used 18624K [0x00000000d5580000, 0x00000000d6980000, 0x0000000100000000)
  eden space 17408K, 100% used [0x00000000d5580000,0x00000000d6680000,0x00000000d6680000)
  from space 1536K, 79% used [0x00000000d6700000,0x00000000d6830020,0x00000000d6880000)
  to   space 1024K, 0% used [0x00000000d6880000,0x00000000d6880000,0x00000000d6980000)
 ParOldGen       total 1324544K, used 1324453K [0x0000000080000000, 0x00000000d0d80000, 0x00000000d5580000)
  object space 1324544K, 99% used [0x0000000080000000,0x00000000d0d69508,0x00000000d0d80000)
 Metaspace       used 84651K, committed 86464K, reserved 1179648K
  class space    used 8442K, committed 9280K, reserved 1048576K
}
Event: 1319.736 GC heap after
{Heap after GC invocations=2340 (full 6):
 PSYoungGen      total 17920K, used 1024K [0x00000000d5580000, 0x00000000d6b80000, 0x0000000100000000)
  eden space 16896K, 0% used [0x00000000d5580000,0x00000000d5580000,0x00000000d6600000)
  from space 1024K, 100% used [0x00000000d6880000,0x00000000d6980000,0x00000000d6980000)
  to   space 2560K, 0% used [0x00000000d6600000,0x00000000d6600000,0x00000000d6880000)
 ParOldGen       total 1325568K, used 1325565K [0x0000000080000000, 0x00000000d0e80000, 0x00000000d5580000)
  object space 1325568K, 99% used [0x0000000080000000,0x00000000d0e7f508,0x00000000d0e80000)
 Metaspace       used 84651K, committed 86464K, reserved 1179648K
  class space    used 8442K, committed 9280K, reserved 1048576K
}

